<?xml version="1.0" encoding="UTF-8"?>
<!-- Generated by org.testng.reporters.JUnitReportReporter -->
<testsuite skipped="0" hostname="LAPTOP-5SS8IT5J" name="Prueba.Laboratorio3" tests="1" failures="0" timestamp="2020-06-21T23:24:50 ART" time="1.502" errors="0">
  <testcase name="registroUsuario" time="1.502" classname="Prueba.Laboratorio3"/>
  <system-out/>
</testsuite> <!-- Prueba.Laboratorio3 -->
