<?xml version="1.0" encoding="UTF-8"?>
<!-- Generated by org.testng.reporters.JUnitReportReporter -->
<testsuite skipped="0" hostname="LAPTOP-5SS8IT5J" name="Pruebas.Laboratorio4_E1" tests="4" failures="0" timestamp="2020-07-14T22:39:30 ART" time="5.980" errors="0">
  <testcase name="f" time="1.114" classname="Pruebas.Laboratorio4_E1"/>
  <system-out/>
  <testcase name="ingreso" time="1.425" classname="Pruebas.Laboratorio4_E1"/>
  <system-out/>
  <testcase name="ingreso" time="1.833" classname="Pruebas.Laboratorio4_E1"/>
  <system-out/>
  <testcase name="ingreso" time="1.608" classname="Pruebas.Laboratorio4_E1"/>
  <system-out/>
</testsuite> <!-- Pruebas.Laboratorio4_E1 -->
