<?xml version="1.0" encoding="UTF-8"?>
<!-- Generated by org.testng.reporters.JUnitReportReporter -->
<testsuite skipped="0" hostname="LAPTOP-5SS8IT5J" name="Pruebas.Laboratorio3_E2" tests="2" failures="0" timestamp="2020-06-25T13:05:40 ART" time="4.321" errors="0">
  <testcase name="f" time="1.964" classname="Pruebas.Laboratorio3_E2"/>
  <system-out/>
  <testcase name="ingreso" time="2.357" classname="Pruebas.Laboratorio3_E2"/>
  <system-out/>
</testsuite> <!-- Pruebas.Laboratorio3_E2 -->
