<?xml version="1.0" encoding="UTF-8"?>
<!-- Generated by org.testng.reporters.JUnitReportReporter -->
<testsuite skipped="0" hostname="LAPTOP-5SS8IT5J" name="PruebasMPD.Ejercicio1_E2" tests="2" failures="0" timestamp="2020-06-25T16:13:12 ART" time="5.515" errors="0">
  <testcase name="pruebainicio" time="3.322" classname="PruebasMPD.Ejercicio1_E2"/>
  <system-out/>
  <testcase name="ingreso" time="2.193" classname="PruebasMPD.Ejercicio1_E2"/>
  <system-out/>
</testsuite> <!-- PruebasMPD.Ejercicio1_E2 -->
